[2025-05-05 08:38:34.605 AM] [31merror[39m: 	[31muncaughtException: Cannot find module './middleware/error'[39m
[31mRequire stack:[39m
[31m- /Users/knowledgehub/Desktop/revenueSystem/src/app.js[39m
[31mError: Cannot find module './middleware/error'[39m
[31mRequire stack:[39m
[31m- /Users/knowledgehub/Desktop/revenueSystem/src/app.js[39m
[31m    at Function._resolveFilename (node:internal/modules/cjs/loader:1405:15)[39m
[31m    at defaultResolveImpl (node:internal/modules/cjs/loader:1061:19)[39m
[31m    at resolveForCJSWithHooks (node:internal/modules/cjs/loader:1066:22)[39m
[31m    at Function._load (node:internal/modules/cjs/loader:1215:37)[39m
[31m    at TracingChannel.traceSync (node:diagnostics_channel:322:14)[39m
[31m    at wrapModuleLoad (node:internal/modules/cjs/loader:235:24)[39m
[31m    at Module.require (node:internal/modules/cjs/loader:1491:12)[39m
[31m    at require (node:internal/modules/helpers:135:16)[39m
[31m    at Object.<anonymous> (/Users/knowledgehub/Desktop/revenueSystem/src/app.js:9:22)[39m
[31m    at Module._compile (node:internal/modules/cjs/loader:1734:14)[39m
[2025-05-05 08:40:00.199 AM] [31merror[39m: 	[31muncaughtException: Cannot find module './middleware/error'[39m
[31mRequire stack:[39m
[31m- /Users/knowledgehub/Desktop/revenueSystem/src/app.js[39m
[31mError: Cannot find module './middleware/error'[39m
[31mRequire stack:[39m
[31m- /Users/knowledgehub/Desktop/revenueSystem/src/app.js[39m
[31m    at Function._resolveFilename (node:internal/modules/cjs/loader:1405:15)[39m
[31m    at defaultResolveImpl (node:internal/modules/cjs/loader:1061:19)[39m
[31m    at resolveForCJSWithHooks (node:internal/modules/cjs/loader:1066:22)[39m
[31m    at Function._load (node:internal/modules/cjs/loader:1215:37)[39m
[31m    at TracingChannel.traceSync (node:diagnostics_channel:322:14)[39m
[31m    at wrapModuleLoad (node:internal/modules/cjs/loader:235:24)[39m
[31m    at Module.require (node:internal/modules/cjs/loader:1491:12)[39m
[31m    at require (node:internal/modules/helpers:135:16)[39m
[31m    at Object.<anonymous> (/Users/knowledgehub/Desktop/revenueSystem/src/app.js:9:22)[39m
[31m    at Module._compile (node:internal/modules/cjs/loader:1734:14)[39m
